acl.tcz
advcomp.tcz
attr.tcz
bash.tcz
binutils.tcz
ca-certificates.tcz
db.tcz
dosfstools.tcz
dropbear.tcz
e2fsprogs.tcz
fuse.tcz
gcc_base-dev.tcz
gcc_libs-dev.tcz
gcc_libs.tcz
gcc.tcz
glibc_add_lib.tcz
glibc_base-dev.tcz
gmp.tcz
gzip.tcz
isl.tcz
kmaps.tcz
libdb.tcz
libzstd.tcz
linux-5.10_api_headers.tcz
make.tcz
mkisofs-tools.tcz
mpc.tcz
mpfr.tcz
ncursesw-dev.tcz
ncursesw.tcz
ntfs-3g.tcz
ntfsprogs.tcz
openssl-1.1.1.tcz
patch.tcz
pkg-config.tcz
readline.tcz
tar.tcz
udev-lib.tcz
util-linux.tcz
wget.tcz
