acl.tcz
attr.tcz
autoconf.tcz
automake.tcz
binutils.tcz
bison.tcz
bzip2-lib.tcz
ca-certificates.tcz
compiletc.tcz
coreutils.tcz
curl.tcz
diffutils.tcz
e2fsprogs_base-dev.tcz
expat2.tcz
file.tcz
findutils.tcz
flex.tcz
fuse-dev.tcz
gawk.tcz
gcc_base-dev.tcz
gcc_libs-dev.tcz
gcc_libs.tcz
gcc.tcz
git.tcz
glibc_add_lib.tcz
glibc_base-dev.tcz
gmp.tcz
grep.tcz
isl.tcz
less.tcz
libcap.tcz
liblzma.tcz
libtirpc-dev.tcz
libtirpc.tcz
libzstd.tcz
linux-5.10_api_headers.tcz
lzo.tcz
m4.tcz
make.tcz
mpc.tcz
mpfr.tcz
ncursesw.tcz
openssl-1.1.1.tcz
patch.tcz
perl5.tcz
perl_xml_parser.tcz
pkg-config.tcz
readline.tcz
sed.tcz
squashfs-tools.tcz
sstrip.tcz
strace.tcz
submitqc.tcz
util-linux_base-dev.tcz
wget.tcz
zlib_base-dev.tcz
zsync.tcz
gettext.tcz
gettext-dev.tcz
libtool.tcz
libtool-dev.tcz
libltdl.tcz
